2018-03-14 06:45:44 +0000 [MT] Initial pipeline context: <IDEDistributionProcessingPipelineContext: 0x7fd6a7ea4e80; archive(resolved)='<IDEArchive: 0x7fd6a7e4eec0>', distributionTask(resolved)='2', distributionMethod(resolved)='<IDEDistributionMethodAdHoc: 0x7fd6a7f032b0>', team(resolved)='<IDEProvisioningBasicTeam 0x7fd6a7f435e0: teamID: HU34BCTTPG, teamName: wang yifan>'>
	Chain (11, self inclusive):
	<IDEDistributionProcessingPipelineContext: 0x7fd6a7ea4e80; archive = '<IDEArchive: 0x7fd6a7e4eec0>', distributionMethod='<IDEDistributionMethodAdHoc: 0x7fd6a7f032b0>', team='<IDEProvisioningBasicTeam 0x7fd6a7f435e0: teamID: HU34BCTTPG, teamName: wang yifan>'>
	<IDEDistributionProcessingPipelineContext: 0x7fd6a7ea8070; archive = '<IDEArchive: 0x7fd6a7e4eec0>', distributionMethod='<IDEDistributionMethodAdHoc: 0x7fd6a7f032b0>', team='<IDEProvisioningBasicTeam 0x7fd6a7f435e0: teamID: HU34BCTTPG, teamName: wang yifan>'>
	<IDEDistributionContext: 0x7fd6a7ea40c0; archive = '<IDEArchive: 0x7fd6a7e4eec0>', distributionMethod='<IDEDistributionMethodAdHoc: 0x7fd6a7f032b0>', team='<IDEProvisioningBasicTeam 0x7fd6a7f435e0: teamID: HU34BCTTPG, teamName: wang yifan>'>
	<IDEDistributionContext: 0x7fd6a7ed5290; archive = '<IDEArchive: 0x7fd6a7e4eec0>', distributionMethod='<IDEDistributionMethodAdHoc: 0x7fd6a7f032b0>', team='<IDEProvisioningBasicTeam 0x7fd6a7f435e0: teamID: HU34BCTTPG, teamName: wang yifan>'>
	<IDEDistributionContext: 0x7fd6a7f77490; archive = '<IDEArchive: 0x7fd6a7e4eec0>', distributionMethod='<IDEDistributionMethodAdHoc: 0x7fd6a7f032b0>', team='<IDEProvisioningBasicTeam 0x7fd6a7f435e0: teamID: HU34BCTTPG, teamName: wang yifan>'>
	<IDEDistributionContext: 0x7fd6a7ed5b40; archive = '<IDEArchive: 0x7fd6a7e4eec0>', distributionMethod='<IDEDistributionMethodAdHoc: 0x7fd6a7f032b0>', team='<IDEProvisioningBasicTeam 0x7fd6a7f435e0: teamID: HU34BCTTPG, teamName: wang yifan>'>
	<IDEDistributionContext: 0x7fd6a7f6f2b0; archive = '<IDEArchive: 0x7fd6a7e4eec0>', distributionMethod='<IDEDistributionMethodAdHoc: 0x7fd6a7f032b0>', team='<IDEProvisioningBasicTeam 0x7fd6a7f435e0: teamID: HU34BCTTPG, teamName: wang yifan>'>
	<IDEDistributionContext: 0x7fd6a7f44df0; archive = '<IDEArchive: 0x7fd6a7e4eec0>', distributionMethod='<IDEDistributionMethodAdHoc: 0x7fd6a7f032b0>', team='<IDEProvisioningBasicTeam 0x7fd6a7f435e0: teamID: HU34BCTTPG, teamName: wang yifan>'>
	<IDEDistributionContext: 0x7fd6a7e7f610; archive = '<IDEArchive: 0x7fd6a7e4eec0>', distributionMethod='<IDEDistributionMethodAdHoc: 0x7fd6a7f032b0>', team='<IDEProvisioningBasicTeam 0x7fd6a7f435e0: teamID: HU34BCTTPG, teamName: wang yifan>'>
	<IDEDistributionContext: 0x7fd6a7e66d20; archive = '<IDEArchive: 0x7fd6a7e4eec0>', distributionMethod='<IDEDistributionMethodAdHoc: 0x7fd6a7f032b0>', team='(null)'>
	<IDEDistributionContext: 0x7fd6a7e537a0; archive = '<IDEArchive: 0x7fd6a7e4eec0>', distributionMethod='(null)', team='(null)'>
</IDEDistributionProcessingPipelineContext: 0x7fd6a7ea4e80>
2018-03-14 06:45:44 +0000 [MT] Processing step: IDEDistributionCreateDestRootStep
2018-03-14 06:45:44 +0000 [MT] Processing step: IDEDistributionCopyItemStep
2018-03-14 06:45:44 +0000 [MT] Running /usr/bin/ditto '-V' '/Users/wangyifan495/Desktop/杂记/StoneRoom/StoneRoom/archive/StoneRoom.xcarchive/Products/Applications/StoneRoom.app' '/var/folders/d3/hdc1fxt94w33xd9bfx0myt79mf1nh5/T/XcodeDistPipeline.E3d/Root/Payload/StoneRoom.app'
2018-03-14 06:45:44 +0000  >>> Copying /Users/wangyifan495/Desktop/杂记/StoneRoom/StoneRoom/archive/StoneRoom.xcarchive/Products/Applications/StoneRoom.app 
2018-03-14 06:45:44 +0000  copying file ./_CodeSignature/CodeResources ... 
2018-03-14 06:45:44 +0000  9737 bytes for ./_CodeSignature/CodeResources
2018-03-14 06:45:44 +0000  copying file ./AppIcon20x20@2x.png ... 
2018-03-14 06:45:44 +0000  1572 bytes for ./AppIcon20x20@2x.png
2018-03-14 06:45:44 +0000  copying file ./AppIcon20x20@3x.png ... 
2018-03-14 06:45:44 +0000  1606 bytes for ./AppIcon20x20@3x.png
copying file ./AppIcon20x20~ipad.png ... 
2018-03-14 06:45:44 +0000  1019 bytes for ./AppIcon20x20~ipad.png
copying file ./AppIcon29x29@2x~ipad.png ... 
2018-03-14 06:45:44 +0000  1453 bytes for ./AppIcon29x29@2x~ipad.png
copying file ./AppIcon29x29~ipad.png ... 
2018-03-14 06:45:44 +0000  1302 bytes for ./AppIcon29x29~ipad.png
copying file ./AppIcon40x40@2x~ipad.png ... 
2018-03-14 06:45:44 +0000  2384 bytes for ./AppIcon40x40@2x~ipad.png
copying file ./AppIcon40x40@3x.png ... 
2018-03-14 06:45:44 +0000  3377 bytes for ./AppIcon40x40@3x.png
copying file ./AppIcon50x50@2x~ipad.png ... 
2018-03-14 06:45:44 +0000  2915 bytes for ./AppIcon50x50@2x~ipad.png
2018-03-14 06:45:44 +0000  copying file ./AppIcon50x50~ipad.png ... 
2018-03-14 06:45:44 +0000  1873 bytes for ./AppIcon50x50~ipad.png
copying file ./AppIcon57x57.png ... 
2018-03-14 06:45:44 +0000  1474 bytes for ./AppIcon57x57.png
copying file ./AppIcon57x57@2x.png ... 
2018-03-14 06:45:44 +0000  3175 bytes for ./AppIcon57x57@2x.png
copying file ./AppIcon60x60@2x.png ... 
2018-03-14 06:45:44 +0000  3377 bytes for ./AppIcon60x60@2x.png
copying file ./AppIcon60x60@3x.png ... 
2018-03-14 06:45:44 +0000  4851 bytes for ./AppIcon60x60@3x.png
2018-03-14 06:45:44 +0000  copying file ./AppIcon72x72@2x~ipad.png ... 
2018-03-14 06:45:44 +0000  3777 bytes for ./AppIcon72x72@2x~ipad.png
copying file ./AppIcon72x72~ipad.png ... 
2018-03-14 06:45:44 +0000  2154 bytes for ./AppIcon72x72~ipad.png
copying file ./AppIcon76x76@2x~ipad.png ... 
2018-03-14 06:45:44 +0000  4080 bytes for ./AppIcon76x76@2x~ipad.png
copying file ./AppIcon76x76~ipad.png ... 
2018-03-14 06:45:44 +0000  2310 bytes for ./AppIcon76x76~ipad.png
copying file ./AppIcon83.5x83.5@2x~ipad.png ... 
2018-03-14 06:45:44 +0000  4449 bytes for ./AppIcon83.5x83.5@2x~ipad.png
copying file ./archived-expanded-entitlements.xcent ... 
2018-03-14 06:45:44 +0000  386 bytes for ./archived-expanded-entitlements.xcent
copying file ./Assets.car ... 
2018-03-14 06:45:44 +0000  107416 bytes for ./Assets.car
2018-03-14 06:45:44 +0000  copying file ./Base.lproj/LaunchScreen.storyboardc/01J-lp-oVM-view-Ze5-6b-2t3.nib ... 
2018-03-14 06:45:44 +0000  1791 bytes for ./Base.lproj/LaunchScreen.storyboardc/01J-lp-oVM-view-Ze5-6b-2t3.nib
copying file ./Base.lproj/LaunchScreen.storyboardc/Info.plist ... 
2018-03-14 06:45:44 +0000  258 bytes for ./Base.lproj/LaunchScreen.storyboardc/Info.plist
copying file ./Base.lproj/LaunchScreen.storyboardc/UIViewController-01J-lp-oVM.nib ... 
2018-03-14 06:45:44 +0000  832 bytes for ./Base.lproj/LaunchScreen.storyboardc/UIViewController-01J-lp-oVM.nib
2018-03-14 06:45:44 +0000  copying file ./embedded.mobileprovision ... 
2018-03-14 06:45:44 +0000  7515 bytes for ./embedded.mobileprovision
2018-03-14 06:45:44 +0000  copying file ./Info.plist ... 
2018-03-14 06:45:44 +0000  1470 bytes for ./Info.plist
copying file ./PkgInfo ... 
2018-03-14 06:45:44 +0000  8 bytes for ./PkgInfo
copying file ./StoneRoom ... 
2018-03-14 06:45:44 +0000  893424 bytes for ./StoneRoom
2018-03-14 06:45:44 +0000 [MT] /usr/bin/ditto exited with 0
2018-03-14 06:45:44 +0000 [MT] Processing step: IDEDistributionEmbedProfileStep
2018-03-14 06:45:44 +0000 [MT] Processing step: IDEDistributionAppThinningPlistStep
2018-03-14 06:45:44 +0000 [MT] Skipping step: IDEDistributionAppThinningPlistStep because it said so
2018-03-14 06:45:44 +0000 [MT] Processing step: IDEDistributionCompileBitcodeStep
2018-03-14 06:45:44 +0000 [MT] Skipping step: IDEDistributionCompileBitcodeStep because it said so
2018-03-14 06:45:44 +0000 [MT] Processing step: IDEDistributionCodeSlimmingStep
2018-03-14 06:45:44 +0000 [MT] Processing step: IDEDistributionCopyBCSymbolMapsStep
2018-03-14 06:45:44 +0000 [MT] Skipping step: IDEDistributionCopyBCSymbolMapsStep because it said so
2018-03-14 06:45:44 +0000 [MT] Processing step: IDEDistributionSymbolsStep
2018-03-14 06:45:44 +0000 [MT] Skipping step: IDEDistributionSymbolsStep because it said so
2018-03-14 06:45:44 +0000 [MT] Processing step: IDEDistributionAppThinningStep
2018-03-14 06:45:44 +0000 [MT] Skipping step: IDEDistributionAppThinningStep because it said so
2018-03-14 06:45:44 +0000 [MT] Processing step: IDEDistributionODRStep
2018-03-14 06:45:44 +0000 [MT] Processing step: IDEDistributionStripXattrsStep
2018-03-14 06:45:44 +0000 [MT] Running /usr/bin/xattr '-crs' '/var/folders/d3/hdc1fxt94w33xd9bfx0myt79mf1nh5/T/XcodeDistPipeline.E3d/Root/Payload/StoneRoom.app'
2018-03-14 06:45:45 +0000 [MT] /usr/bin/xattr exited with 0
2018-03-14 06:45:45 +0000 [MT] Processing step: IDEDistributionCodesignStep
2018-03-14 06:45:45 +0000 [MT] Applying entitlements delta for <IDEDistributionItem: 0x7fd6a7f57cd0 'com.StoneRoom.developfan' '<DVTFilePath:0x7fd6a7a1ab20:'/Users/wangyifan495/Desktop/杂记/StoneRoom/StoneRoom/archive/StoneRoom.xcarchive/Products/Applications/StoneRoom.app'>'> from <IDEiCloudEntitlementsProcessor: 0x7fd6a7f64a10>: {
}
2018-03-14 06:45:45 +0000 [MT] Entitlements for <IDEDistributionItem: 0x7fd6a7f57cd0 'com.StoneRoom.developfan' '<DVTFilePath:0x7fd6a7a1ab20:'/Users/wangyifan495/Desktop/杂记/StoneRoom/StoneRoom/archive/StoneRoom.xcarchive/Products/Applications/StoneRoom.app'>'>: {
    "application-identifier" = "HU34BCTTPG.com.StoneRoom.developfan";
    "com.apple.developer.team-identifier" = HU34BCTTPG;
    "get-task-allow" = 0;
    "keychain-access-groups" =     (
        "HU34BCTTPG.com.StoneRoom.developfan"
    );
}
2018-03-14 06:45:45 +0000 [MT] Writing entitlements for <IDEDistributionItem: 0x7fd6a7f57cd0 'com.StoneRoom.developfan' '<DVTFilePath:0x7fd6a7a1ab20:'/Users/wangyifan495/Desktop/杂记/StoneRoom/StoneRoom/archive/StoneRoom.xcarchive/Products/Applications/StoneRoom.app'>'> to: /var/folders/d3/hdc1fxt94w33xd9bfx0myt79mf1nh5/T/XcodeDistPipeline.E3d/entitlementsYhKaBY
2018-03-14 06:45:45 +0000 [MT] Running /usr/bin/codesign '-vvv' '--force' '--sign' '865C2BD3C6B63D5482D1E91497B863E37D84D2B7' '--preserve-metadata=identifier,flags' '--entitlements' '/var/folders/d3/hdc1fxt94w33xd9bfx0myt79mf1nh5/T/XcodeDistPipeline.E3d/entitlementsYhKaBY' '/var/folders/d3/hdc1fxt94w33xd9bfx0myt79mf1nh5/T/XcodeDistPipeline.E3d/Root/Payload/StoneRoom.app'
2018-03-14 06:45:45 +0000  /var/folders/d3/hdc1fxt94w33xd9bfx0myt79mf1nh5/T/XcodeDistPipeline.E3d/Root/Payload/StoneRoom.app: signed app bundle with Mach-O universal (armv7 arm64) [com.StoneRoom.developfan]
2018-03-14 06:45:45 +0000 [MT] /usr/bin/codesign exited with 0
2018-03-14 06:45:45 +0000 [MT] Processing step: IDEDistributionStreamingZipItemStep
2018-03-14 06:45:45 +0000 [MT] Skipping step: IDEDistributionStreamingZipItemStep because it said so
2018-03-14 06:45:45 +0000 [MT] Processing step: IDEDistributionCreateIPAStep
2018-03-14 06:45:45 +0000 [MT] Running /usr/bin/ditto '-V' '-c' '-k' '--norsrc' '/var/folders/d3/hdc1fxt94w33xd9bfx0myt79mf1nh5/T/XcodeDistPipeline.E3d/Root' '/var/folders/d3/hdc1fxt94w33xd9bfx0myt79mf1nh5/T/XcodeDistPipeline.E3d/Packages/StoneRoom.ipa'
2018-03-14 06:45:45 +0000  >>> Copying /var/folders/d3/hdc1fxt94w33xd9bfx0myt79mf1nh5/T/XcodeDistPipeline.E3d/Root 
2018-03-14 06:45:45 +0000  copying file ./Payload/StoneRoom.app/_CodeSignature/CodeResources ... 
2018-03-14 06:45:45 +0000  9737 bytes for ./Payload/StoneRoom.app/_CodeSignature/CodeResources
2018-03-14 06:45:45 +0000  copying file ./Payload/StoneRoom.app/AppIcon20x20@2x.png ... 
2018-03-14 06:45:45 +0000  1572 bytes for ./Payload/StoneRoom.app/AppIcon20x20@2x.png
copying file ./Payload/StoneRoom.app/AppIcon20x20@3x.png ... 
2018-03-14 06:45:45 +0000  1606 bytes for ./Payload/StoneRoom.app/AppIcon20x20@3x.png
copying file ./Payload/StoneRoom.app/AppIcon20x20~ipad.png ... 
2018-03-14 06:45:45 +0000  1019 bytes for ./Payload/StoneRoom.app/AppIcon20x20~ipad.png
copying file ./Payload/StoneRoom.app/AppIcon29x29@2x~ipad.png ... 
2018-03-14 06:45:45 +0000  1453 bytes for ./Payload/StoneRoom.app/AppIcon29x29@2x~ipad.png
copying file ./Payload/StoneRoom.app/AppIcon29x29~ipad.png ... 
2018-03-14 06:45:45 +0000  1302 bytes for ./Payload/StoneRoom.app/AppIcon29x29~ipad.png
copying file ./Payload/StoneRoom.app/AppIcon40x40@2x~ipad.png ... 
2018-03-14 06:45:45 +0000  2384 bytes for ./Payload/StoneRoom.app/AppIcon40x40@2x~ipad.png
copying file ./Payload/StoneRoom.app/AppIcon40x40@3x.png ... 
2018-03-14 06:45:45 +0000  3377 bytes for ./Payload/StoneRoom.app/AppIcon40x40@3x.png
copying file ./Payload/StoneRoom.app/AppIcon50x50@2x~ipad.png ... 
2018-03-14 06:45:45 +0000  2915 bytes for ./Payload/StoneRoom.app/AppIcon50x50@2x~ipad.png
copying file ./Payload/StoneRoom.app/AppIcon50x50~ipad.png ... 
2018-03-14 06:45:45 +0000  1873 bytes for ./Payload/StoneRoom.app/AppIcon50x50~ipad.png
copying file ./Payload/StoneRoom.app/AppIcon57x57.png ... 
2018-03-14 06:45:45 +0000  1474 bytes for ./Payload/StoneRoom.app/AppIcon57x57.png
copying file ./Payload/StoneRoom.app/AppIcon57x57@2x.png ... 
2018-03-14 06:45:45 +0000  3175 bytes for ./Payload/StoneRoom.app/AppIcon57x57@2x.png
copying file ./Payload/StoneRoom.app/AppIcon60x60@2x.png ... 
2018-03-14 06:45:45 +0000  3377 bytes for ./Payload/StoneRoom.app/AppIcon60x60@2x.png
copying file ./Payload/StoneRoom.app/AppIcon60x60@3x.png ... 
2018-03-14 06:45:45 +0000  4851 bytes for ./Payload/StoneRoom.app/AppIcon60x60@3x.png
copying file ./Payload/StoneRoom.app/AppIcon72x72@2x~ipad.png ... 
2018-03-14 06:45:45 +0000  3777 bytes for ./Payload/StoneRoom.app/AppIcon72x72@2x~ipad.png
2018-03-14 06:45:45 +0000  copying file ./Payload/StoneRoom.app/AppIcon72x72~ipad.png ... 
2018-03-14 06:45:45 +0000  2154 bytes for ./Payload/StoneRoom.app/AppIcon72x72~ipad.png
copying file ./Payload/StoneRoom.app/AppIcon76x76@2x~ipad.png ... 
2018-03-14 06:45:45 +0000  4080 bytes for ./Payload/StoneRoom.app/AppIcon76x76@2x~ipad.png
copying file ./Payload/StoneRoom.app/AppIcon76x76~ipad.png ... 
2018-03-14 06:45:45 +0000  2310 bytes for ./Payload/StoneRoom.app/AppIcon76x76~ipad.png
copying file ./Payload/StoneRoom.app/AppIcon83.5x83.5@2x~ipad.png ... 
2018-03-14 06:45:45 +0000  4449 bytes for ./Payload/StoneRoom.app/AppIcon83.5x83.5@2x~ipad.png
copying file ./Payload/StoneRoom.app/archived-expanded-entitlements.xcent ... 
2018-03-14 06:45:45 +0000  386 bytes for ./Payload/StoneRoom.app/archived-expanded-entitlements.xcent
copying file ./Payload/StoneRoom.app/Assets.car ... 
2018-03-14 06:45:45 +0000  107416 bytes for ./Payload/StoneRoom.app/Assets.car
2018-03-14 06:45:45 +0000  copying file ./Payload/StoneRoom.app/Base.lproj/LaunchScreen.storyboardc/01J-lp-oVM-view-Ze5-6b-2t3.nib ... 
2018-03-14 06:45:45 +0000  1791 bytes for ./Payload/StoneRoom.app/Base.lproj/LaunchScreen.storyboardc/01J-lp-oVM-view-Ze5-6b-2t3.nib
copying file ./Payload/StoneRoom.app/Base.lproj/LaunchScreen.storyboardc/Info.plist ... 
2018-03-14 06:45:45 +0000  258 bytes for ./Payload/StoneRoom.app/Base.lproj/LaunchScreen.storyboardc/Info.plist
copying file ./Payload/StoneRoom.app/Base.lproj/LaunchScreen.storyboardc/UIViewController-01J-lp-oVM.nib ... 
2018-03-14 06:45:45 +0000  832 bytes for ./Payload/StoneRoom.app/Base.lproj/LaunchScreen.storyboardc/UIViewController-01J-lp-oVM.nib
2018-03-14 06:45:45 +0000  copying file ./Payload/StoneRoom.app/embedded.mobileprovision ... 
2018-03-14 06:45:45 +0000  7515 bytes for ./Payload/StoneRoom.app/embedded.mobileprovision
2018-03-14 06:45:45 +0000  copying file ./Payload/StoneRoom.app/Info.plist ... 
2018-03-14 06:45:45 +0000  1470 bytes for ./Payload/StoneRoom.app/Info.plist
copying file ./Payload/StoneRoom.app/PkgInfo ... 
2018-03-14 06:45:45 +0000  8 bytes for ./Payload/StoneRoom.app/PkgInfo
copying file ./Payload/StoneRoom.app/StoneRoom ... 
2018-03-14 06:45:45 +0000  250496 bytes for ./Payload/StoneRoom.app/StoneRoom
2018-03-14 06:45:45 +0000 [MT] /usr/bin/ditto exited with 0
2018-03-14 06:45:45 +0000 [MT] Processing step: IDEDistributionCreateManifestStep
